# JRE version: Java(TM) SE Runtime Environment (12.0.2+10) (build 12.0.2+10)
# Java VM: Java HotSpot(TM) 64-Bit Server VM (12.0.2+10, mixed mode, sharing, tiered, compressed oops, g1 gc, windows-amd64)
Heap:
 garbage-first heap   total 95232K, used 48378K [0x0000000704c00000, 0x0000000800000000)
  region size 1024K, 0 young (0K), 0 survivors (0K)
 Metaspace       used 11922K, capacity 12572K, committed 13952K, reserved 1060864K
  class space    used 1000K, capacity 1190K, committed 1664K, reserved 1048576K
GC Heap History (10 events):
Event: 5143.121 GC heap before
{Heap before GC invocations=26123 (full 22247):
 garbage-first heap   total 95232K, used 48241K [0x0000000704c00000, 0x0000000800000000)
  region size 1024K, 1 young (1024K), 0 survivors (0K)
 Metaspace       used 11922K, capacity 12572K, committed 13952K, reserved 1060864K
  class space    used 1000K, capacity 1190K, committed 1664K, reserved 1048576K
}
Event: 5143.154 GC heap after
{Heap after GC invocations=26124 (full 22248):
 garbage-first heap   total 95232K, used 48255K [0x0000000704c00000, 0x0000000800000000)
  region size 1024K, 0 young (0K), 0 survivors (0K)
 Metaspace       used 11922K, capacity 12572K, committed 13952K, reserved 1060864K
  class space    used 1000K, capacity 1190K, committed 1664K, reserved 1048576K
}
Event: 5143.156 GC heap before
{Heap before GC invocations=26124 (full 22248):
 garbage-first heap   total 95232K, used 49279K [0x0000000704c00000, 0x0000000800000000)
  region size 1024K, 2 young (2048K), 0 survivors (0K)
 Metaspace       used 11922K, capacity 12572K, committed 13952K, reserved 1060864K
  class space    used 1000K, capacity 1190K, committed 1664K, reserved 1048576K
}
Event: 5143.187 GC heap after
{Heap after GC invocations=26125 (full 22249):
 garbage-first heap   total 95232K, used 48299K [0x0000000704c00000, 0x0000000800000000)
  region size 1024K, 0 young (0K), 0 survivors (0K)
 Metaspace       used 11922K, capacity 12572K, committed 13952K, reserved 1060864K
  class space    used 1000K, capacity 1190K, committed 1664K, reserved 1048576K
}
Event: 5143.187 GC heap before
{Heap before GC invocations=26125 (full 22249):
 garbage-first heap   total 95232K, used 48299K [0x0000000704c00000, 0x0000000800000000)
  region size 1024K, 0 young (0K), 0 survivors (0K)
 Metaspace       used 11922K, capacity 12572K, committed 13952K, reserved 1060864K
  class space    used 1000K, capacity 1190K, committed 1664K, reserved 1048576K
}
Event: 5143.219 GC heap after
{Heap after GC invocations=26126 (full 22250):
 garbage-first heap   total 95232K, used 48299K [0x0000000704c00000, 0x0000000800000000)
  region size 1024K, 0 young (0K), 0 survivors (0K)
 Metaspace       used 11922K, capacity 12572K, committed 13952K, reserved 1060864K
  class space    used 1000K, capacity 1190K, committed 1664K, reserved 1048576K
}
Event: 5143.219 GC heap before
{Heap before GC invocations=26126 (full 22250):
 garbage-first heap   total 95232K, used 48299K [0x0000000704c00000, 0x0000000800000000)
  region size 1024K, 1 young (1024K), 0 survivors (0K)
 Metaspace       used 11922K, capacity 12572K, committed 13952K, reserved 1060864K
  class space    used 1000K, capacity 1190K, committed 1664K, reserved 1048576K
}
Event: 5143.251 GC heap after
{Heap after GC invocations=26127 (full 22251):
 garbage-first heap   total 95232K, used 48319K [0x0000000704c00000, 0x0000000800000000)
  region size 1024K, 0 young (0K), 0 survivors (0K)
 Metaspace       used 11922K, capacity 12572K, committed 13952K, reserved 1060864K
  class space    used 1000K, capacity 1190K, committed 1664K, reserved 1048576K
}
Event: 5143.254 GC heap before
{Heap before GC invocations=26127 (full 22251):
 garbage-first heap   total 95232K, used 49343K [0x0000000704c00000, 0x0000000800000000)
  region size 1024K, 2 young (2048K), 0 survivors (0K)
 Metaspace       used 11922K, capacity 12572K, committed 13952K, reserved 1060864K
  class space    used 1000K, capacity 1190K, committed 1664K, reserved 1048576K
}
Event: 5143.293 GC heap after
{Heap after GC invocations=26128 (full 22252):
 garbage-first heap   total 95232K, used 48378K [0x0000000704c00000, 0x0000000800000000)
  region size 1024K, 0 young (0K), 0 survivors (0K)
 Metaspace       used 11922K, capacity 12572K, committed 13952K, reserved 1060864K
  class space    used 1000K, capacity 1190K, committed 1664K, reserved 1048576K
}

